android/app/build/intermediates/manifest_merge_blame_file/debug/processDebugMainManifest/manifest-merger-blame-debug-report.txt
1<?xml version="1.0" encoding="utf-8"?>
2<manifest xmlns:android="http://schemas.android.com/apk/res/android"
3    package="com.example.tp2"
4    android:versionCode="1"
5    android:versionName="1.0" >
6
7    <uses-sdk
8        android:minSdkVersion="24"
9        android:targetSdkVersion="34" />
10    <!--
11         The INTERNET permission is required for development. Specifically,
12         the Flutter tool needs it to communicate with the running application
13         to allow setting breakpoints, to provide hot reload, etc.
14    -->
15    <uses-permission android:name="android.permission.INTERNET" />
15-->src\debug\AndroidManifest.xml:6:5-66
15-->src\debug\AndroidManifest.xml:6:22-64
16
17    <application
17-->src\main\AndroidManifest.xml:4:5-20:19
18        android:debuggable="true"
19        android:extractNativeLibs="false"
20        android:icon="@mipmap/ic_launcher"
20-->src\main\AndroidManifest.xml:6:9-43
21        android:label="Dice Roller"
21-->src\main\AndroidManifest.xml:5:9-36
22        android:theme="@style/AppTheme" >
22-->src\main\AndroidManifest.xml:7:9-40
23        <activity
23-->src\main\AndroidManifest.xml:9:9-16:20
24            android:name="com.example.tp2.MainActivity"
24-->src\main\AndroidManifest.xml:10:13-41
25            android:exported="true" >
25-->src\main\AndroidManifest.xml:11:13-36
26            <intent-filter>
26-->src\main\AndroidManifest.xml:12:13-15:29
27                <action android:name="android.intent.action.MAIN" />
27-->src\main\AndroidManifest.xml:13:17-69
27-->src\main\AndroidManifest.xml:13:25-66
28
29                <category android:name="android.intent.category.LAUNCHER" />
29-->src\main\AndroidManifest.xml:14:17-77
29-->src\main\AndroidManifest.xml:14:27-74
30            </intent-filter>
31        </activity>
32        <activity android:name="com.example.tp2.DiceActivity" />
32-->src\main\AndroidManifest.xml:18:9-50
32-->src\main\AndroidManifest.xml:18:19-47
33    </application>
34
35</manifest>